<?xml version="1.0" encoding="UTF-8"?>
<!-- Generated by org.testng.reporters.JUnitReportReporter -->
<testsuite hostname="DESKTOP-8IVB9T2" failures="0" tests="1" name="com.window.handles.WindowHandlesEx" time="17.737" errors="0" timestamp="2024-01-10T14:23:32 IST" skipped="0">
  <testcase classname="com.window.handles.WindowHandlesEx" name="test01" time="17.737"/>
</testsuite> <!-- com.window.handles.WindowHandlesEx -->
