<?xml version="1.0" encoding="UTF-8"?>
<!-- Generated by org.testng.reporters.JUnitReportReporter -->
<testsuite hostname="DESKTOP-8IVB9T2" failures="0" tests="2" name="com.tests.DemoTest2" time="0.016" errors="0" timestamp="2024-01-19T12:27:48 IST" skipped="0">
  <testcase classname="com.tests.DemoTest2" name="login" time="0.011"/>
  <testcase classname="com.tests.DemoTest2" name="user" time="0.005"/>
</testsuite> <!-- com.tests.DemoTest2 -->
