<?xml version="1.0" encoding="UTF-8"?>
<!-- Generated by org.testng.reporters.JUnitReportReporter -->
<testsuite hostname="DESKTOP-8IVB9T2" failures="0" tests="1" name="com.jbk.test.JavaScriptEx" time="29.232" errors="0" timestamp="2024-01-23T14:59:01 IST" skipped="0">
  <testcase classname="com.jbk.test.JavaScriptEx" name="test01" time="29.232"/>
</testsuite> <!-- com.jbk.test.JavaScriptEx -->
