<?xml version="1.0" encoding="UTF-8"?>
<!-- Generated by org.testng.reporters.JUnitReportReporter -->
<testsuite hostname="DESKTOP-8IVB9T2" failures="0" tests="3" name="com.tests.DemoTest" time="0.012" errors="0" timestamp="2024-01-19T12:24:55 IST" skipped="0">
  <testcase classname="com.tests.DemoTest" name="login" time="0.006"/>
  <testcase classname="com.tests.DemoTest" name="dashboard" time="0.005"/>
  <testcase classname="com.tests.DemoTest" name="user" time="0.001"/>
</testsuite> <!-- com.tests.DemoTest -->
