<?xml version="1.0" encoding="UTF-8"?>
<!-- Generated by org.testng.reporters.JUnitReportReporter -->
<testsuite hostname="DESKTOP-8IVB9T2" failures="0" tests="1" name="com.aoto_it.file.upload.FileUploadEx" time="14.674" errors="0" timestamp="2024-01-13T13:39:58 IST" skipped="0">
  <testcase classname="com.aoto_it.file.upload.FileUploadEx" name="test01" time="14.674"/>
</testsuite> <!-- com.aoto_it.file.upload.FileUploadEx -->
