<?xml version="1.0" encoding="UTF-8"?>
<!-- Generated by org.testng.reporters.JUnitReportReporter -->
<testsuite hostname="DESKTOP-8IVB9T2" failures="0" tests="1" name="com.frame.handling.FrameEx" time="6.606" errors="0" timestamp="2024-01-11T14:04:38 IST" skipped="0">
  <testcase classname="com.frame.handling.FrameEx" name="test01" time="6.606"/>
</testsuite> <!-- com.frame.handling.FrameEx -->
