<?xml version="1.0" encoding="UTF-8"?>
<!-- Generated by org.testng.reporters.JUnitReportReporter -->
<testsuite hostname="DESKTOP-8IVB9T2" failures="0" tests="1" name="com.frame.handling.FrameAndWindowHandleling" time="7.031" errors="0" timestamp="2024-01-14T14:33:00 IST" skipped="0">
  <testcase classname="com.frame.handling.FrameAndWindowHandleling" name="test01" time="7.031"/>
</testsuite> <!-- com.frame.handling.FrameAndWindowHandleling -->
